[    1762ms] [LOG] %c
██╗  ██╗██╗██╗      ██████╗      ██████╗ ██████╗ ██████╗ ███████╗
██║ ██╔╝██║██║     ██╔═══██╗    ██╔════╝██╔═══██╗██╔══██╗██╔════╝
█████╔╝ ██║██║     ██║   ██║    ██║     ██║   ██║██║  ██║█████╗
██╔═██╗ ██║██║     ██║   ██║    ██║     ██║   ██║██║  ██║██╔══╝
██║  ██╗██║███████╗╚██████╔╝    ╚██████╗╚██████╔╝██████╔╝███████╗
╚═╝  ╚═╝╚═╝╚══════╝ ╚═════╝      ╚═════╝ ╚═════╝ ╚═════╝ ╚══════╝
 color: #f4e04d; font-size: 16px; font-weight: bold; font-family: monospace; @ https://kilo.ai/_next/static/chunks/8875-6842a557b7b26886.js?dpl=dpl_BttijDtKKEPYsPgE9hfYLdQjoxER:1
[    1763ms] [LOG] %c🚀 Hey developer! 👋 color: #f4e04d; font-size: 18px; font-weight: bold; margin-top: 10px; @ https://kilo.ai/_next/static/chunks/8875-6842a557b7b26886.js?dpl=dpl_BttijDtKKEPYsPgE9hfYLdQjoxER:1
[    1764ms] [LOG] %c
Looks like you're curious about what's under the hood... color: #888; font-size: 13px; font-family: system-ui; @ https://kilo.ai/_next/static/chunks/8875-6842a557b7b26886.js?dpl=dpl_BttijDtKKEPYsPgE9hfYLdQjoxER:1
[    1764ms] [LOG] %c
Want AI coding superpowers in your terminal? color: #888; font-size: 13px; font-family: system-ui; @ https://kilo.ai/_next/static/chunks/8875-6842a557b7b26886.js?dpl=dpl_BttijDtKKEPYsPgE9hfYLdQjoxER:1
[    1767ms] [LOG] %c
Install Kilo Code CLI now: color: #fff; font-size: 14px; font-weight: bold; margin-top: 8px; @ https://kilo.ai/_next/static/chunks/8875-6842a557b7b26886.js?dpl=dpl_BttijDtKKEPYsPgE9hfYLdQjoxER:1
[    1768ms] [LOG] %c npm install -g @kilocode/cli  background: #1a1a1a; color: #f4e04d; padding: 12px 16px; border-radius: 6px; font-family: 'Courier New', monospace; font-size: 14px; display: inline-block; margin: 8px 0; @ https://kilo.ai/_next/static/chunks/8875-6842a557b7b26886.js?dpl=dpl_BttijDtKKEPYsPgE9hfYLdQjoxER:1
[    1768ms] [LOG] %c
✨ Build smarter, ship faster, code better. color: #f4e04d; font-size: 14px; font-style: italic; margin-top: 8px; @ https://kilo.ai/_next/static/chunks/8875-6842a557b7b26886.js?dpl=dpl_BttijDtKKEPYsPgE9hfYLdQjoxER:1
[    1770ms] [LOG] %c
🔗 Learn more: %ckilo.ai/cli color: #888; font-size: 13px; font-family: system-ui; color: #f4e04d; font-size: 13px; font-family: system-ui; @ https://kilo.ai/_next/static/chunks/8875-6842a557b7b26886.js?dpl=dpl_BttijDtKKEPYsPgE9hfYLdQjoxER:1
[    1772ms] [LOG] %c
━━━━━━━━━━━━━━━━━━━━━━━━━━━━━━━━━━━━━━━━━━━━━━━━━━━━━━━━━━━━━━━━━━ color: #333; @ https://kilo.ai/_next/static/chunks/8875-6842a557b7b26886.js?dpl=dpl_BttijDtKKEPYsPgE9hfYLdQjoxER:1
[    1772ms] [LOG] %c
P.S. We see you checking the console. You're our kind of person. 😎 color: #888; font-size: 12px; font-style: italic; @ https://kilo.ai/_next/static/chunks/8875-6842a557b7b26886.js?dpl=dpl_BttijDtKKEPYsPgE9hfYLdQjoxER:1
